<?xml version="1.0" encoding="UTF-8"?>
<!-- Generated by org.testng.reporters.JUnitReportReporter -->
<testsuite hostname="user" name="example.AmagiWebdriverTest" tests="1" failures="0" timestamp="24 Mar 2016 06:47:04 GMT" time="5.487" errors="0">
  <testcase name="logintest" time="5.487" classname="example.AmagiWebdriverTest"/>
</testsuite> <!-- example.AmagiWebdriverTest -->
