<?xml version="1.0" encoding="UTF-8"?>
<!-- Generated by org.testng.reporters.JUnitReportReporter -->
<testsuite hostname="user" name="example.AmagiWebdriverTest" tests="1" failures="0" timestamp="24 Mar 2016 10:05:47 GMT" time="?.???" errors="0">
  <testcase name="logintest" time="?.???" classname="example.AmagiWebdriverTest"/>
</testsuite> <!-- example.AmagiWebdriverTest -->
